17-Sep-20 20:25:11 : DEBUG : Length of Arguments : 5
17-Sep-20 20:25:11 : DEBUG : Province is : {'1': 'Alberta', '2': 'British Columbia', '3': 'Manitoba', '4': 'New Brunswick', '5': 'Newfoundland', '6': 'Nova Scotia', '7': 'Ontario (A - L)', '8': 'Ontario (M - Z)', '9': 'Prince Edward Island', '10': 'Québec', '11': 'Saskatchewan', '12': 'Territories'}
17-Sep-20 20:25:11 : INFO : Province Name is : Ontario (M - Z)
17-Sep-20 20:25:11 : DEBUG : City is : {'name': 'Toronto (GTA)', 'wanted': {'searchDate': '11/08/2020', 'finalTimestamp': '2020-08-11T17:09:27.000Z'}, 'offering': {'searchDate': '01/01/1970', 'finalTimestamp': '0'}}
17-Sep-20 20:25:11 : DEBUG : Cities are : {'1': {'name': 'Muskoka', 'wanted': {'searchDate': '01/01/1970', 'finalTimestamp': '0'}, 'offering': {'searchDate': '01/01/1970', 'finalTimestamp': '0'}}, '2': {'name': 'Norfolk County', 'wanted': {'searchDate': '01/01/1970', 'finalTimestamp': '0'}, 'offering': {'searchDate': '01/01/1970', 'finalTimestamp': '0'}}, '3': {'name': 'North Bay', 'wanted': {'searchDate': '01/01/1970', 'finalTimestamp': '0'}, 'offering': {'searchDate': '01/01/1970', 'finalTimestamp': '0'}}, '4': {'name': 'Ottawa / Gatineau Area', 'wanted': {'searchDate': '01/01/1970', 'finalTimestamp': '0'}, 'offering': {'searchDate': '01/01/1970', 'finalTimestamp': '0'}}, '5': {'name': 'Owen Sound', 'wanted': {'searchDate': '01/01/1970', 'finalTimestamp': '0'}, 'offering': {'searchDate': '01/01/1970', 'finalTimestamp': '0'}}, '6': {'name': 'Peterborough Area', 'wanted': {'searchDate': '01/01/1970', 'finalTimestamp': '0'}, 'offering': {'searchDate': '01/01/1970', 'finalTimestamp': '0'}}, '7': {'name': 'Renfrew County Area', 'wanted': {'searchDate': '01/01/1970', 'finalTimestamp': '0'}, 'offering': {'searchDate': '01/01/1970', 'finalTimestamp': '0'}}, '8': {'name': 'Sarnia Area', 'wanted': {'searchDate': '01/01/1970', 'finalTimestamp': '0'}, 'offering': {'searchDate': '01/01/1970', 'finalTimestamp': '0'}}, '9': {'name': 'Sault Ste. Marie', 'wanted': {'searchDate': '01/01/1970', 'finalTimestamp': '0'}, 'offering': {'searchDate': '01/01/1970', 'finalTimestamp': '0'}}, '10': {'name': 'St. Catharines', 'wanted': {'searchDate': '01/01/1970', 'finalTimestamp': '0'}, 'offering': {'searchDate': '01/01/1970', 'finalTimestamp': '0'}}, '11': {'name': 'Sudbury', 'wanted': {'searchDate': '01/01/1970', 'finalTimestamp': '0'}, 'offering': {'searchDate': '01/01/1970', 'finalTimestamp': '0'}}, '12': {'name': 'Thunder Bay', 'wanted': {'searchDate': '01/01/1970', 'finalTimestamp': '0'}, 'offering': {'searchDate': '01/01/1970', 'finalTimestamp': '0'}}, '13': {'name': 'Timmins', 'wanted': {'searchDate': '01/01/1970', 'finalTimestamp': '0'}, 'offering': {'searchDate': '01/01/1970', 'finalTimestamp': '0'}}, '14': {'name': 'Toronto (GTA)', 'wanted': {'searchDate': '11/08/2020', 'finalTimestamp': '2020-08-11T17:09:27.000Z'}, 'offering': {'searchDate': '01/01/1970', 'finalTimestamp': '0'}}, '15': {'name': 'Windsor Region', 'wanted': {'searchDate': '01/01/1970', 'finalTimestamp': '0'}, 'offering': {'searchDate': '01/01/1970', 'finalTimestamp': '0'}}, '16': {'name': 'Woodstock', 'wanted': {'searchDate': '01/01/1970', 'finalTimestamp': '0'}, 'offering': {'searchDate': '01/01/1970', 'finalTimestamp': '0'}}}
17-Sep-20 20:25:11 : INFO : City Name is : Toronto (GTA)
17-Sep-20 20:25:11 : INFO : Date from which Search Will Start : 11/08/2020
17-Sep-20 20:25:11 : INFO : Timestamp from which Search Will Start : 2020-08-11T17:09:27.000Z
17-Sep-20 20:25:11 : DEBUG : Scraping Module : Initiating Scraping for : https://www.kijiji.ca
17-Sep-20 20:25:14 : DEBUG : Scraping Module : Opening Chrome To Start Data Scraping
17-Sep-20 20:25:28 : DEBUG : Scraping Module : Scraping Data For Province : Ontario (M - Z)
17-Sep-20 20:25:28 : DEBUG : Scraping Module : Scraping Data For City : Toronto (GTA)
17-Sep-20 20:25:33 : DEBUG : Scraping Module : Searching Keywords Are : ['office']
17-Sep-20 20:25:33 : DEBUG : Scraping Module : Initiating Search For Keyword : office
17-Sep-20 20:25:43 : DEBUG : Scraping Module : Waiting for Page to Load : Timeout 10 Seconds
17-Sep-20 20:25:53 : DEBUG : Scraping Module : Searching for : Wanted Advertisements
17-Sep-20 20:26:00 : DEBUG : Scraping Module : Waiting for Page to Load : Timeout 10 Seconds
17-Sep-20 20:26:10 : DEBUG : Scraping Module : Fetching Real Estate Advertisements
17-Sep-20 20:26:17 : DEBUG : Scraping Module : Waiting for Page to Load : Timeout 10 Seconds
17-Sep-20 20:26:27 : DEBUG : Scraping Module : Fetching Real Estate Advertisements For Rent
17-Sep-20 20:26:34 : DEBUG : Scraping Module : Waiting for Page to Load : Timeout 10 Seconds
17-Sep-20 20:26:44 : DEBUG : Scraping Module : Fetching Real Estate Advertisements For Commercial Spaces
17-Sep-20 20:26:51 : DEBUG : Scraping Module : Waiting for Page to Load : Timeout 10 Seconds
17-Sep-20 20:27:01 : DEBUG : Scraping Module : Search Result For  : office : is : Showing 1 - 40 of 129 results
17-Sep-20 20:27:01 : DEBUG : Scraping Module : Total Advertisements Fetched : 129
17-Sep-20 20:27:01 : DEBUG : Scraping Module : Current Advertisements Fetched : 40
17-Sep-20 20:27:01 : DEBUG : Scraping Module : Total Pages To Be Parsed : 4
17-Sep-20 20:27:01 : DEBUG : Scraping Module : Total Pages = 4
17-Sep-20 20:27:01 : DEBUG : Scraping Module : Configured Search Date is : 2020-08-11
17-Sep-20 20:27:02 : DEBUG : Scraping Module : Pages Traversed So Far : 1
17-Sep-20 20:27:02 : DEBUG : Scraping Module : Links Processed So Far : 40
17-Sep-20 20:27:09 : DEBUG : Scraping Module : Pages Traversed So Far : 2
17-Sep-20 20:27:09 : DEBUG : Scraping Module : Links Processed So Far : 80
17-Sep-20 20:27:09 : DEBUG : Scraping Module : Total Links for : office is : 80
17-Sep-20 20:27:11 : DEBUG : Scraping Module : Starting Data Scraping
17-Sep-20 20:27:11 : DEBUG : Scraping Module : Final Processing For All Advertisements In Progress
17-Sep-20 20:28:13 : DEBUG : Extract Module : Process Still Running.....
17-Sep-20 20:29:04 : DEBUG : Extract Module : Process Still Running.....
17-Sep-20 20:29:55 : DEBUG : Extract Module : Process Still Running.....
